<?xml version="1.0" encoding="UTF-8"?>
<testsuite xmlns:xsi="http://www.w3.org/2001/XMLSchema-instance" xsi:noNamespaceSchemaLocation="https://maven.apache.org/surefire/maven-surefire-plugin/xsd/surefire-test-report.xsd" name="TestSuite" time="18.596" tests="4" errors="0" skipped="0" failures="0">
  <properties>
    <property name="sun.desktop" value="windows"/>
    <property name="awt.toolkit" value="sun.awt.windows.WToolkit"/>
    <property name="file.encoding.pkg" value="sun.io"/>
    <property name="java.specification.version" value="1.8"/>
    <property name="sun.cpu.isalist" value="amd64"/>
    <property name="sun.jnu.encoding" value="Cp1252"/>
    <property name="java.class.path" value="C:\Users\shubhamgupta3\eclipse-workspace\MyFirstDemoTest\target\test-classes;C:\Users\shubhamgupta3\eclipse-workspace\MyFirstDemoTest\target\classes;C:\Users\shubhamgupta3\.m2\repository\org\seleniumhq\selenium\selenium-java\3.141.59\selenium-java-3.141.59.jar;C:\Users\shubhamgupta3\.m2\repository\org\seleniumhq\selenium\selenium-api\3.141.59\selenium-api-3.141.59.jar;C:\Users\shubhamgupta3\.m2\repository\org\seleniumhq\selenium\selenium-chrome-driver\3.141.59\selenium-chrome-driver-3.141.59.jar;C:\Users\shubhamgupta3\.m2\repository\org\seleniumhq\selenium\selenium-edge-driver\3.141.59\selenium-edge-driver-3.141.59.jar;C:\Users\shubhamgupta3\.m2\repository\org\seleniumhq\selenium\selenium-firefox-driver\3.141.59\selenium-firefox-driver-3.141.59.jar;C:\Users\shubhamgupta3\.m2\repository\org\seleniumhq\selenium\selenium-ie-driver\3.141.59\selenium-ie-driver-3.141.59.jar;C:\Users\shubhamgupta3\.m2\repository\org\seleniumhq\selenium\selenium-opera-driver\3.141.59\selenium-opera-driver-3.141.59.jar;C:\Users\shubhamgupta3\.m2\repository\org\seleniumhq\selenium\selenium-remote-driver\3.141.59\selenium-remote-driver-3.141.59.jar;C:\Users\shubhamgupta3\.m2\repository\org\seleniumhq\selenium\selenium-safari-driver\3.141.59\selenium-safari-driver-3.141.59.jar;C:\Users\shubhamgupta3\.m2\repository\org\seleniumhq\selenium\selenium-support\3.141.59\selenium-support-3.141.59.jar;C:\Users\shubhamgupta3\.m2\repository\net\bytebuddy\byte-buddy\1.8.15\byte-buddy-1.8.15.jar;C:\Users\shubhamgupta3\.m2\repository\org\apache\commons\commons-exec\1.3\commons-exec-1.3.jar;C:\Users\shubhamgupta3\.m2\repository\com\google\guava\guava\25.0-jre\guava-25.0-jre.jar;C:\Users\shubhamgupta3\.m2\repository\com\google\code\findbugs\jsr305\1.3.9\jsr305-1.3.9.jar;C:\Users\shubhamgupta3\.m2\repository\org\checkerframework\checker-compat-qual\2.0.0\checker-compat-qual-2.0.0.jar;C:\Users\shubhamgupta3\.m2\repository\com\google\errorprone\error_prone_annotations\2.1.3\error_prone_annotations-2.1.3.jar;C:\Users\shubhamgupta3\.m2\repository\com\google\j2objc\j2objc-annotations\1.1\j2objc-annotations-1.1.jar;C:\Users\shubhamgupta3\.m2\repository\org\codehaus\mojo\animal-sniffer-annotations\1.14\animal-sniffer-annotations-1.14.jar;C:\Users\shubhamgupta3\.m2\repository\com\squareup\okhttp3\okhttp\3.11.0\okhttp-3.11.0.jar;C:\Users\shubhamgupta3\.m2\repository\com\squareup\okio\okio\1.14.0\okio-1.14.0.jar;C:\Users\shubhamgupta3\.m2\repository\org\testng\testng\6.8.8\testng-6.8.8.jar;C:\Users\shubhamgupta3\.m2\repository\org\beanshell\bsh\2.0b4\bsh-2.0b4.jar;C:\Users\shubhamgupta3\.m2\repository\com\beust\jcommander\1.27\jcommander-1.27.jar;C:\Users\shubhamgupta3\.m2\repository\org\apache\poi\poi-ooxml\3.11-beta3\poi-ooxml-3.11-beta3.jar;C:\Users\shubhamgupta3\.m2\repository\org\apache\poi\poi\3.11-beta3\poi-3.11-beta3.jar;C:\Users\shubhamgupta3\.m2\repository\commons-codec\commons-codec\1.9\commons-codec-1.9.jar;C:\Users\shubhamgupta3\.m2\repository\org\apache\poi\poi-ooxml-schemas\3.11-beta3\poi-ooxml-schemas-3.11-beta3.jar;C:\Users\shubhamgupta3\.m2\repository\org\apache\xmlbeans\xmlbeans\2.6.0\xmlbeans-2.6.0.jar;C:\Users\shubhamgupta3\.m2\repository\stax\stax-api\1.0.1\stax-api-1.0.1.jar;C:\Users\shubhamgupta3\.m2\repository\org\slf4j\slf4j-log4j12\1.7.5\slf4j-log4j12-1.7.5.jar;C:\Users\shubhamgupta3\.m2\repository\org\slf4j\slf4j-api\1.7.5\slf4j-api-1.7.5.jar;C:\Users\shubhamgupta3\.m2\repository\log4j\log4j\1.2.17\log4j-1.2.17.jar;C:\Users\shubhamgupta3\.m2\repository\org\seleniumhq\selenium\htmlunit-driver\2.26\htmlunit-driver-2.26.jar;C:\Users\shubhamgupta3\.m2\repository\net\sourceforge\htmlunit\htmlunit\2.26\htmlunit-2.26.jar;C:\Users\shubhamgupta3\.m2\repository\xalan\xalan\2.7.2\xalan-2.7.2.jar;C:\Users\shubhamgupta3\.m2\repository\xalan\serializer\2.7.2\serializer-2.7.2.jar;C:\Users\shubhamgupta3\.m2\repository\org\apache\commons\commons-lang3\3.5\commons-lang3-3.5.jar;C:\Users\shubhamgupta3\.m2\repository\net\sourceforge\htmlunit\htmlunit-core-js\2.26\htmlunit-core-js-2.26.jar;C:\Users\shubhamgupta3\.m2\repository\net\sourceforge\htmlunit\neko-htmlunit\2.25\neko-htmlunit-2.25.jar;C:\Users\shubhamgupta3\.m2\repository\xerces\xercesImpl\2.11.0\xercesImpl-2.11.0.jar;C:\Users\shubhamgupta3\.m2\repository\xml-apis\xml-apis\1.4.01\xml-apis-1.4.01.jar;C:\Users\shubhamgupta3\.m2\repository\net\sourceforge\cssparser\cssparser\0.9.22\cssparser-0.9.22.jar;C:\Users\shubhamgupta3\.m2\repository\org\w3c\css\sac\1.3\sac-1.3.jar;C:\Users\shubhamgupta3\.m2\repository\commons-io\commons-io\2.5\commons-io-2.5.jar;C:\Users\shubhamgupta3\.m2\repository\org\eclipse\jetty\websocket\websocket-client\9.4.3.v20170317\websocket-client-9.4.3.v20170317.jar;C:\Users\shubhamgupta3\.m2\repository\org\eclipse\jetty\jetty-util\9.4.3.v20170317\jetty-util-9.4.3.v20170317.jar;C:\Users\shubhamgupta3\.m2\repository\org\eclipse\jetty\jetty-io\9.4.3.v20170317\jetty-io-9.4.3.v20170317.jar;C:\Users\shubhamgupta3\.m2\repository\org\eclipse\jetty\jetty-client\9.4.3.v20170317\jetty-client-9.4.3.v20170317.jar;C:\Users\shubhamgupta3\.m2\repository\org\eclipse\jetty\jetty-http\9.4.3.v20170317\jetty-http-9.4.3.v20170317.jar;C:\Users\shubhamgupta3\.m2\repository\org\eclipse\jetty\websocket\websocket-common\9.4.3.v20170317\websocket-common-9.4.3.v20170317.jar;C:\Users\shubhamgupta3\.m2\repository\org\eclipse\jetty\websocket\websocket-api\9.4.3.v20170317\websocket-api-9.4.3.v20170317.jar;C:\Users\shubhamgupta3\.m2\repository\org\apache\pdfbox\pdfbox\1.8.9\pdfbox-1.8.9.jar;C:\Users\shubhamgupta3\.m2\repository\org\apache\pdfbox\fontbox\1.8.9\fontbox-1.8.9.jar;C:\Users\shubhamgupta3\.m2\repository\org\apache\pdfbox\jempbox\1.8.9\jempbox-1.8.9.jar;C:\Users\shubhamgupta3\.m2\repository\commons-logging\commons-logging\1.1.1\commons-logging-1.1.1.jar;C:\Users\shubhamgupta3\.m2\repository\javax\mail\mail\1.4.5\mail-1.4.5.jar;C:\Users\shubhamgupta3\.m2\repository\javax\activation\activation\1.1\activation-1.1.jar;C:\Users\shubhamgupta3\.m2\repository\com\jayway\restassured\rest-assured\2.4.0\rest-assured-2.4.0.jar;C:\Users\shubhamgupta3\.m2\repository\org\codehaus\groovy\groovy\2.3.7\groovy-2.3.7.jar;C:\Users\shubhamgupta3\.m2\repository\org\codehaus\groovy\groovy-xml\2.3.7\groovy-xml-2.3.7.jar;C:\Users\shubhamgupta3\.m2\repository\org\apache\httpcomponents\httpclient\4.3.6\httpclient-4.3.6.jar;C:\Users\shubhamgupta3\.m2\repository\org\apache\httpcomponents\httpcore\4.3.3\httpcore-4.3.3.jar;C:\Users\shubhamgupta3\.m2\repository\org\apache\httpcomponents\httpmime\4.3.6\httpmime-4.3.6.jar;C:\Users\shubhamgupta3\.m2\repository\org\hamcrest\hamcrest-core\1.3\hamcrest-core-1.3.jar;C:\Users\shubhamgupta3\.m2\repository\org\hamcrest\hamcrest-library\1.3\hamcrest-library-1.3.jar;C:\Users\shubhamgupta3\.m2\repository\org\ccil\cowan\tagsoup\tagsoup\1.2.1\tagsoup-1.2.1.jar;C:\Users\shubhamgupta3\.m2\repository\com\jayway\restassured\json-path\2.4.0\json-path-2.4.0.jar;C:\Users\shubhamgupta3\.m2\repository\org\codehaus\groovy\groovy-json\2.3.7\groovy-json-2.3.7.jar;C:\Users\shubhamgupta3\.m2\repository\com\jayway\restassured\rest-assured-common\2.4.0\rest-assured-common-2.4.0.jar;C:\Users\shubhamgupta3\.m2\repository\com\jayway\restassured\xml-path\2.4.0\xml-path-2.4.0.jar;C:\Users\shubhamgupta3\.m2\repository\org\json\json\20090211\json-20090211.jar;C:\Users\shubhamgupta3\.m2\repository\junit\junit\4.11\junit-4.11.jar;C:\Users\shubhamgupta3\.m2\repository\opensymphony\quartz\1.6.3\quartz-1.6.3.jar;C:\Users\shubhamgupta3\.m2\repository\javassist\javassist\3.12.1.GA\javassist-3.12.1.GA.jar;C:\Users\shubhamgupta3\.m2\repository\mysql\mysql-connector-java\5.1.6\mysql-connector-java-5.1.6.jar;C:\Users\shubhamgupta3\.m2\repository\org\jopendocument\jOpenDocument\1.3b1\jOpenDocument-1.3b1.jar;C:\Users\shubhamgupta3\.m2\repository\org\jsoup\jsoup\1.8.2\jsoup-1.8.2.jar;C:\Users\shubhamgupta3\.m2\repository\com\relevantcodes\extentreports\2.41.2\extentreports-2.41.2.jar;C:\Users\shubhamgupta3\.m2\repository\org\xerial\sqlite-jdbc\3.8.11.1\sqlite-jdbc-3.8.11.1.jar;C:\Users\shubhamgupta3\.m2\repository\org\freemarker\freemarker\2.3.23\freemarker-2.3.23.jar;C:\Users\shubhamgupta3\.m2\repository\org\mongodb\mongodb-driver\3.0.4\mongodb-driver-3.0.4.jar;C:\Users\shubhamgupta3\.m2\repository\org\mongodb\bson\3.0.4\bson-3.0.4.jar;C:\Users\shubhamgupta3\.m2\repository\org\mongodb\mongodb-driver-core\3.0.4\mongodb-driver-core-3.0.4.jar;C:\Users\shubhamgupta3\.m2\repository\org\apache\maven\surefire\surefire-testng-utils\2.20.1\surefire-testng-utils-2.20.1.jar;C:\Users\shubhamgupta3\.m2\repository\org\apache\maven\surefire\surefire-grouper\2.20.1\surefire-grouper-2.20.1.jar;"/>
    <property name="java.vm.vendor" value="Oracle Corporation"/>
    <property name="sun.arch.data.model" value="64"/>
    <property name="user.variant" value=""/>
    <property name="java.vendor.url" value="http://java.oracle.com/"/>
    <property name="user.timezone" value=""/>
    <property name="java.vm.specification.version" value="1.8"/>
    <property name="os.name" value="Windows 10"/>
    <property name="user.country" value="US"/>
    <property name="sun.java.launcher" value="SUN_STANDARD"/>
    <property name="sun.boot.library.path" value="C:\Program Files\Java\jre1.8.0_241\bin"/>
    <property name="sun.java.command" value="C:\Users\SHUBHA~1\AppData\Local\Temp\surefire7810346414570605885\surefirebooter9099874489395014469.jar C:\Users\shubhamgupta3\AppData\Local\Temp\surefire7810346414570605885 2020-04-21T22-12-45_042-jvmRun1 surefire5570446375225020522tmp surefire_0964029539516387729tmp"/>
    <property name="surefire.test.class.path" value="C:\Users\shubhamgupta3\eclipse-workspace\MyFirstDemoTest\target\test-classes;C:\Users\shubhamgupta3\eclipse-workspace\MyFirstDemoTest\target\classes;C:\Users\shubhamgupta3\.m2\repository\org\seleniumhq\selenium\selenium-java\3.141.59\selenium-java-3.141.59.jar;C:\Users\shubhamgupta3\.m2\repository\org\seleniumhq\selenium\selenium-api\3.141.59\selenium-api-3.141.59.jar;C:\Users\shubhamgupta3\.m2\repository\org\seleniumhq\selenium\selenium-chrome-driver\3.141.59\selenium-chrome-driver-3.141.59.jar;C:\Users\shubhamgupta3\.m2\repository\org\seleniumhq\selenium\selenium-edge-driver\3.141.59\selenium-edge-driver-3.141.59.jar;C:\Users\shubhamgupta3\.m2\repository\org\seleniumhq\selenium\selenium-firefox-driver\3.141.59\selenium-firefox-driver-3.141.59.jar;C:\Users\shubhamgupta3\.m2\repository\org\seleniumhq\selenium\selenium-ie-driver\3.141.59\selenium-ie-driver-3.141.59.jar;C:\Users\shubhamgupta3\.m2\repository\org\seleniumhq\selenium\selenium-opera-driver\3.141.59\selenium-opera-driver-3.141.59.jar;C:\Users\shubhamgupta3\.m2\repository\org\seleniumhq\selenium\selenium-remote-driver\3.141.59\selenium-remote-driver-3.141.59.jar;C:\Users\shubhamgupta3\.m2\repository\org\seleniumhq\selenium\selenium-safari-driver\3.141.59\selenium-safari-driver-3.141.59.jar;C:\Users\shubhamgupta3\.m2\repository\org\seleniumhq\selenium\selenium-support\3.141.59\selenium-support-3.141.59.jar;C:\Users\shubhamgupta3\.m2\repository\net\bytebuddy\byte-buddy\1.8.15\byte-buddy-1.8.15.jar;C:\Users\shubhamgupta3\.m2\repository\org\apache\commons\commons-exec\1.3\commons-exec-1.3.jar;C:\Users\shubhamgupta3\.m2\repository\com\google\guava\guava\25.0-jre\guava-25.0-jre.jar;C:\Users\shubhamgupta3\.m2\repository\com\google\code\findbugs\jsr305\1.3.9\jsr305-1.3.9.jar;C:\Users\shubhamgupta3\.m2\repository\org\checkerframework\checker-compat-qual\2.0.0\checker-compat-qual-2.0.0.jar;C:\Users\shubhamgupta3\.m2\repository\com\google\errorprone\error_prone_annotations\2.1.3\error_prone_annotations-2.1.3.jar;C:\Users\shubhamgupta3\.m2\repository\com\google\j2objc\j2objc-annotations\1.1\j2objc-annotations-1.1.jar;C:\Users\shubhamgupta3\.m2\repository\org\codehaus\mojo\animal-sniffer-annotations\1.14\animal-sniffer-annotations-1.14.jar;C:\Users\shubhamgupta3\.m2\repository\com\squareup\okhttp3\okhttp\3.11.0\okhttp-3.11.0.jar;C:\Users\shubhamgupta3\.m2\repository\com\squareup\okio\okio\1.14.0\okio-1.14.0.jar;C:\Users\shubhamgupta3\.m2\repository\org\testng\testng\6.8.8\testng-6.8.8.jar;C:\Users\shubhamgupta3\.m2\repository\org\beanshell\bsh\2.0b4\bsh-2.0b4.jar;C:\Users\shubhamgupta3\.m2\repository\com\beust\jcommander\1.27\jcommander-1.27.jar;C:\Users\shubhamgupta3\.m2\repository\org\apache\poi\poi-ooxml\3.11-beta3\poi-ooxml-3.11-beta3.jar;C:\Users\shubhamgupta3\.m2\repository\org\apache\poi\poi\3.11-beta3\poi-3.11-beta3.jar;C:\Users\shubhamgupta3\.m2\repository\commons-codec\commons-codec\1.9\commons-codec-1.9.jar;C:\Users\shubhamgupta3\.m2\repository\org\apache\poi\poi-ooxml-schemas\3.11-beta3\poi-ooxml-schemas-3.11-beta3.jar;C:\Users\shubhamgupta3\.m2\repository\org\apache\xmlbeans\xmlbeans\2.6.0\xmlbeans-2.6.0.jar;C:\Users\shubhamgupta3\.m2\repository\stax\stax-api\1.0.1\stax-api-1.0.1.jar;C:\Users\shubhamgupta3\.m2\repository\org\slf4j\slf4j-log4j12\1.7.5\slf4j-log4j12-1.7.5.jar;C:\Users\shubhamgupta3\.m2\repository\org\slf4j\slf4j-api\1.7.5\slf4j-api-1.7.5.jar;C:\Users\shubhamgupta3\.m2\repository\log4j\log4j\1.2.17\log4j-1.2.17.jar;C:\Users\shubhamgupta3\.m2\repository\org\seleniumhq\selenium\htmlunit-driver\2.26\htmlunit-driver-2.26.jar;C:\Users\shubhamgupta3\.m2\repository\net\sourceforge\htmlunit\htmlunit\2.26\htmlunit-2.26.jar;C:\Users\shubhamgupta3\.m2\repository\xalan\xalan\2.7.2\xalan-2.7.2.jar;C:\Users\shubhamgupta3\.m2\repository\xalan\serializer\2.7.2\serializer-2.7.2.jar;C:\Users\shubhamgupta3\.m2\repository\org\apache\commons\commons-lang3\3.5\commons-lang3-3.5.jar;C:\Users\shubhamgupta3\.m2\repository\net\sourceforge\htmlunit\htmlunit-core-js\2.26\htmlunit-core-js-2.26.jar;C:\Users\shubhamgupta3\.m2\repository\net\sourceforge\htmlunit\neko-htmlunit\2.25\neko-htmlunit-2.25.jar;C:\Users\shubhamgupta3\.m2\repository\xerces\xercesImpl\2.11.0\xercesImpl-2.11.0.jar;C:\Users\shubhamgupta3\.m2\repository\xml-apis\xml-apis\1.4.01\xml-apis-1.4.01.jar;C:\Users\shubhamgupta3\.m2\repository\net\sourceforge\cssparser\cssparser\0.9.22\cssparser-0.9.22.jar;C:\Users\shubhamgupta3\.m2\repository\org\w3c\css\sac\1.3\sac-1.3.jar;C:\Users\shubhamgupta3\.m2\repository\commons-io\commons-io\2.5\commons-io-2.5.jar;C:\Users\shubhamgupta3\.m2\repository\org\eclipse\jetty\websocket\websocket-client\9.4.3.v20170317\websocket-client-9.4.3.v20170317.jar;C:\Users\shubhamgupta3\.m2\repository\org\eclipse\jetty\jetty-util\9.4.3.v20170317\jetty-util-9.4.3.v20170317.jar;C:\Users\shubhamgupta3\.m2\repository\org\eclipse\jetty\jetty-io\9.4.3.v20170317\jetty-io-9.4.3.v20170317.jar;C:\Users\shubhamgupta3\.m2\repository\org\eclipse\jetty\jetty-client\9.4.3.v20170317\jetty-client-9.4.3.v20170317.jar;C:\Users\shubhamgupta3\.m2\repository\org\eclipse\jetty\jetty-http\9.4.3.v20170317\jetty-http-9.4.3.v20170317.jar;C:\Users\shubhamgupta3\.m2\repository\org\eclipse\jetty\websocket\websocket-common\9.4.3.v20170317\websocket-common-9.4.3.v20170317.jar;C:\Users\shubhamgupta3\.m2\repository\org\eclipse\jetty\websocket\websocket-api\9.4.3.v20170317\websocket-api-9.4.3.v20170317.jar;C:\Users\shubhamgupta3\.m2\repository\org\apache\pdfbox\pdfbox\1.8.9\pdfbox-1.8.9.jar;C:\Users\shubhamgupta3\.m2\repository\org\apache\pdfbox\fontbox\1.8.9\fontbox-1.8.9.jar;C:\Users\shubhamgupta3\.m2\repository\org\apache\pdfbox\jempbox\1.8.9\jempbox-1.8.9.jar;C:\Users\shubhamgupta3\.m2\repository\commons-logging\commons-logging\1.1.1\commons-logging-1.1.1.jar;C:\Users\shubhamgupta3\.m2\repository\javax\mail\mail\1.4.5\mail-1.4.5.jar;C:\Users\shubhamgupta3\.m2\repository\javax\activation\activation\1.1\activation-1.1.jar;C:\Users\shubhamgupta3\.m2\repository\com\jayway\restassured\rest-assured\2.4.0\rest-assured-2.4.0.jar;C:\Users\shubhamgupta3\.m2\repository\org\codehaus\groovy\groovy\2.3.7\groovy-2.3.7.jar;C:\Users\shubhamgupta3\.m2\repository\org\codehaus\groovy\groovy-xml\2.3.7\groovy-xml-2.3.7.jar;C:\Users\shubhamgupta3\.m2\repository\org\apache\httpcomponents\httpclient\4.3.6\httpclient-4.3.6.jar;C:\Users\shubhamgupta3\.m2\repository\org\apache\httpcomponents\httpcore\4.3.3\httpcore-4.3.3.jar;C:\Users\shubhamgupta3\.m2\repository\org\apache\httpcomponents\httpmime\4.3.6\httpmime-4.3.6.jar;C:\Users\shubhamgupta3\.m2\repository\org\hamcrest\hamcrest-core\1.3\hamcrest-core-1.3.jar;C:\Users\shubhamgupta3\.m2\repository\org\hamcrest\hamcrest-library\1.3\hamcrest-library-1.3.jar;C:\Users\shubhamgupta3\.m2\repository\org\ccil\cowan\tagsoup\tagsoup\1.2.1\tagsoup-1.2.1.jar;C:\Users\shubhamgupta3\.m2\repository\com\jayway\restassured\json-path\2.4.0\json-path-2.4.0.jar;C:\Users\shubhamgupta3\.m2\repository\org\codehaus\groovy\groovy-json\2.3.7\groovy-json-2.3.7.jar;C:\Users\shubhamgupta3\.m2\repository\com\jayway\restassured\rest-assured-common\2.4.0\rest-assured-common-2.4.0.jar;C:\Users\shubhamgupta3\.m2\repository\com\jayway\restassured\xml-path\2.4.0\xml-path-2.4.0.jar;C:\Users\shubhamgupta3\.m2\repository\org\json\json\20090211\json-20090211.jar;C:\Users\shubhamgupta3\.m2\repository\junit\junit\4.11\junit-4.11.jar;C:\Users\shubhamgupta3\.m2\repository\opensymphony\quartz\1.6.3\quartz-1.6.3.jar;C:\Users\shubhamgupta3\.m2\repository\javassist\javassist\3.12.1.GA\javassist-3.12.1.GA.jar;C:\Users\shubhamgupta3\.m2\repository\mysql\mysql-connector-java\5.1.6\mysql-connector-java-5.1.6.jar;C:\Users\shubhamgupta3\.m2\repository\org\jopendocument\jOpenDocument\1.3b1\jOpenDocument-1.3b1.jar;C:\Users\shubhamgupta3\.m2\repository\org\jsoup\jsoup\1.8.2\jsoup-1.8.2.jar;C:\Users\shubhamgupta3\.m2\repository\com\relevantcodes\extentreports\2.41.2\extentreports-2.41.2.jar;C:\Users\shubhamgupta3\.m2\repository\org\xerial\sqlite-jdbc\3.8.11.1\sqlite-jdbc-3.8.11.1.jar;C:\Users\shubhamgupta3\.m2\repository\org\freemarker\freemarker\2.3.23\freemarker-2.3.23.jar;C:\Users\shubhamgupta3\.m2\repository\org\mongodb\mongodb-driver\3.0.4\mongodb-driver-3.0.4.jar;C:\Users\shubhamgupta3\.m2\repository\org\mongodb\bson\3.0.4\bson-3.0.4.jar;C:\Users\shubhamgupta3\.m2\repository\org\mongodb\mongodb-driver-core\3.0.4\mongodb-driver-core-3.0.4.jar;C:\Users\shubhamgupta3\.m2\repository\org\apache\maven\surefire\surefire-testng-utils\2.20.1\surefire-testng-utils-2.20.1.jar;C:\Users\shubhamgupta3\.m2\repository\org\apache\maven\surefire\surefire-grouper\2.20.1\surefire-grouper-2.20.1.jar;"/>
    <property name="sun.cpu.endian" value="little"/>
    <property name="user.home" value="C:\Users\shubhamgupta3"/>
    <property name="user.language" value="en"/>
    <property name="java.specification.vendor" value="Oracle Corporation"/>
    <property name="java.home" value="C:\Program Files\Java\jre1.8.0_241"/>
    <property name="basedir" value="C:\Users\shubhamgupta3\eclipse-workspace\MyFirstDemoTest"/>
    <property name="file.separator" value="\"/>
    <property name="line.separator" value="&#10;"/>
    <property name="java.vm.specification.vendor" value="Oracle Corporation"/>
    <property name="java.specification.name" value="Java Platform API Specification"/>
    <property name="java.awt.graphicsenv" value="sun.awt.Win32GraphicsEnvironment"/>
    <property name="surefire.real.class.path" value="C:\Users\SHUBHA~1\AppData\Local\Temp\surefire7810346414570605885\surefirebooter9099874489395014469.jar"/>
    <property name="sun.boot.class.path" value="C:\Program Files\Java\jre1.8.0_241\lib\resources.jar;C:\Program Files\Java\jre1.8.0_241\lib\rt.jar;C:\Program Files\Java\jre1.8.0_241\lib\sunrsasign.jar;C:\Program Files\Java\jre1.8.0_241\lib\jsse.jar;C:\Program Files\Java\jre1.8.0_241\lib\jce.jar;C:\Program Files\Java\jre1.8.0_241\lib\charsets.jar;C:\Program Files\Java\jre1.8.0_241\lib\jfr.jar;C:\Program Files\Java\jre1.8.0_241\classes"/>
    <property name="user.script" value=""/>
    <property name="sun.management.compiler" value="HotSpot 64-Bit Tiered Compilers"/>
    <property name="java.runtime.version" value="1.8.0_241-b07"/>
    <property name="user.name" value="shubhamgupta3"/>
    <property name="path.separator" value=";"/>
    <property name="os.version" value="10.0"/>
    <property name="java.endorsed.dirs" value="C:\Program Files\Java\jre1.8.0_241\lib\endorsed"/>
    <property name="java.runtime.name" value="Java(TM) SE Runtime Environment"/>
    <property name="file.encoding" value="Cp1252"/>
    <property name="java.vm.name" value="Java HotSpot(TM) 64-Bit Server VM"/>
    <property name="localRepository" value="C:\Users\shubhamgupta3\.m2\repository"/>
    <property name="java.vendor.url.bug" value="http://bugreport.sun.com/bugreport/"/>
    <property name="java.io.tmpdir" value="C:\Users\SHUBHA~1\AppData\Local\Temp\"/>
    <property name="java.version" value="1.8.0_241"/>
    <property name="user.dir" value="C:\Users\shubhamgupta3\eclipse-workspace\MyFirstDemoTest"/>
    <property name="os.arch" value="amd64"/>
    <property name="java.vm.specification.name" value="Java Virtual Machine Specification"/>
    <property name="java.awt.printerjob" value="sun.awt.windows.WPrinterJob"/>
    <property name="sun.os.patch.level" value=""/>
    <property name="java.library.path" value="C:\Program Files\Java\jre1.8.0_241\bin;C:\WINDOWS\Sun\Java\bin;C:\WINDOWS\system32;C:\WINDOWS;C:/Program Files/Java/jre1.8.0_241/bin/server;C:/Program Files/Java/jre1.8.0_241/bin;C:/Program Files/Java/jre1.8.0_241/lib/amd64;C:\Program Files (x86)\Common Files\Oracle\Java\javapath;C:\WINDOWS\system32;C:\WINDOWS;C:\WINDOWS\System32\Wbem;C:\WINDOWS\System32\WindowsPowerShell\v1.0\;C:\WINDOWS\System32\OpenSSH\;C:\WINDOWS\System32\WindowsPowerShell\v1.0\;C:\Program Files\dotnet\;C:\Program Files\Microsoft SQL Server\130\Tools\Binn\;C:\Program Files\Microsoft SQL Server\Client SDK\ODBC\170\Tools\Binn\;C:\Program Files\Java\jdk1.8.0_241\bin;C:\Program Files\PuTTY\;C:\Users\shubhamgupta3\Downloads\apache-maven-3.6.3\bin;C:\Program Files\nodejs\;C:\Users\shubhamgupta3\AppData\Local\Microsoft\WindowsApps;C:\Users\shubhamgupta3\AppData\Roaming\npm;C:\Users\shubhamgupta3\Desktop;;."/>
    <property name="java.vm.info" value="mixed mode"/>
    <property name="java.vendor" value="Oracle Corporation"/>
    <property name="java.vm.version" value="25.241-b07"/>
    <property name="java.ext.dirs" value="C:\Program Files\Java\jre1.8.0_241\lib\ext;C:\WINDOWS\Sun\Java\lib\ext"/>
    <property name="sun.io.unicode.encoding" value="UnicodeLittle"/>
    <property name="java.class.version" value="52.0"/>
  </properties>
  <testcase name="beforeTestMethod" classname="Homeloans.homeloginTest" time="0.051"/>
  <testcase name="loginPage" classname="Homeloans.homeloginTest" time="0.001"/>
  <testcase name="secondPage" classname="Homeloans.homeloginTest" time="0"/>
  <testcase name="thirdPage" classname="Homeloans.homeloginTest" time="0"/>
</testsuite>