<?xml version="1.0" encoding="UTF-8"?>
<!-- Generated by org.testng.reporters.JUnitReportReporter -->
<testsuite hostname="ITEM-70240" name="Homeloans.homeloginTest" tests="4" failures="0" timestamp="18 Apr 2020 10:57:28 GMT" time="0.029" errors="0">
  <testcase name="thirdPage" time="0.007" classname="Homeloans.homeloginTest"/>
  <testcase name="beforeTestMethod" time="0.020" classname="Homeloans.homeloginTest"/>
  <testcase name="loginPage" time="0.001" classname="Homeloans.homeloginTest"/>
  <testcase name="secondPage" time="0.001" classname="Homeloans.homeloginTest"/>
</testsuite> <!-- Homeloans.homeloginTest -->
