<?xml version="1.0" encoding="UTF-8"?>
<!-- Generated by org.testng.reporters.JUnitReportReporter -->
<testsuite hostname="ITEM-70240" name="SeleniumTopics.ReadingNotepadData" tests="1" failures="0" timestamp="18 Apr 2020 11:40:54 GMT" time="0.071" errors="0">
  <testcase name="NotepadRead" time="0.071" classname="SeleniumTopics.ReadingNotepadData"/>
</testsuite> <!-- SeleniumTopics.ReadingNotepadData -->
