<?xml version="1.0" encoding="UTF-8"?>
<!-- Generated by org.testng.reporters.JUnitReportReporter -->
<testsuite hostname="ITEM-70240" name="Homeloans.CliffordChance" tests="4" failures="0" timestamp="7 Apr 2020 07:38:18 GMT" time="0.039" errors="0">
  <testcase name="partnerlist" time="0.004" classname="Homeloans.CliffordChance"/>
  <testcase name="partnerAddress" time="0.023" classname="Homeloans.CliffordChance"/>
  <testcase name="partnerDetails" time="0.003" classname="Homeloans.CliffordChance"/>
  <testcase name="partnerPANNumber" time="0.009" classname="Homeloans.CliffordChance"/>
</testsuite> <!-- Homeloans.CliffordChance -->
