<?xml version="1.0" encoding="UTF-8"?>
<!-- Generated by org.testng.reporters.JUnitReportReporter -->
<testsuite hostname="ITEM-70240" name="SeleniumTopics.ReadPDF" tests="1" failures="0" timestamp="19 Apr 2020 11:28:11 GMT" time="38.906" errors="0">
  <testcase name="ReadPDFFie" time="38.906" classname="SeleniumTopics.ReadPDF"/>
</testsuite> <!-- SeleniumTopics.ReadPDF -->
