<?xml version="1.0" encoding="UTF-8"?>
<!-- Generated by org.testng.reporters.JUnitReportReporter -->
<testsuite hostname="ITEM-70240" name="Homeloans.homelogin" tests="4" failures="0" timestamp="9 Apr 2020 11:35:14 GMT" time="0.023" errors="0">
  <testcase name="thirdPage" time="0.002" classname="Homeloans.homelogin"/>
  <testcase name="beforeTestMethod" time="0.017" classname="Homeloans.homelogin"/>
  <testcase name="loginPage" time="0.001" classname="Homeloans.homelogin"/>
  <testcase name="secondPage" time="0.003" classname="Homeloans.homelogin"/>
</testsuite> <!-- Homeloans.homelogin -->
