<?xml version="1.0" encoding="UTF-8"?>
<!-- Generated by org.testng.reporters.JUnitReportReporter -->
<testsuite hostname="ITEM-70240" name="loanPackage.carLoanTestClass" tests="1" failures="0" timestamp="7 Apr 2020 06:50:36 GMT" time="0.012" errors="0">
  <testcase name="carintrest" time="0.012" classname="loanPackage.carLoanTestClass"/>
</testsuite> <!-- loanPackage.carLoanTestClass -->
