<?xml version="1.0" encoding="UTF-8"?>
<!-- Generated by org.testng.reporters.JUnitReportReporter -->
<testsuite hostname="ITEM-70240" name="Homeloans.homeloginTest" tests="4" failures="0" timestamp="22 Apr 2020 00:58:35 GMT" time="0.016" errors="0">
  <testcase name="loginPage" time="0.001" classname="Homeloans.homeloginTest"/>
  <testcase name="thirdPage" time="0.000" classname="Homeloans.homeloginTest"/>
  <testcase name="beforeTestMethod" time="0.014" classname="Homeloans.homeloginTest"/>
  <testcase name="secondPage" time="0.001" classname="Homeloans.homeloginTest"/>
</testsuite> <!-- Homeloans.homeloginTest -->
