<?xml version="1.0" encoding="UTF-8"?>
<!-- Generated by org.testng.reporters.JUnitReportReporter -->
<testsuite hostname="ITEM-70240" name="Homeloans.homeloginTest" tests="4" failures="0" timestamp="21 Apr 2020 16:43:10 GMT" time="0.053" errors="0">
  <testcase name="loginPage" time="0.001" classname="Homeloans.homeloginTest"/>
  <testcase name="thirdPage" time="0.001" classname="Homeloans.homeloginTest"/>
  <testcase name="beforeTestMethod" time="0.050" classname="Homeloans.homeloginTest"/>
  <testcase name="secondPage" time="0.001" classname="Homeloans.homeloginTest"/>
</testsuite> <!-- Homeloans.homeloginTest -->
